<?xml version="1.0" encoding="UTF-8"?>
<!-- Generated by org.testng.reporters.JUnitReportReporter -->
<testsuite hostname="LAPTOP-247I7ANQ" failures="0" tests="3" name="Selenium_Grid.ParallelTest" time="104.647" errors="0" timestamp="2024-07-23T21:07:21 IST" skipped="0">
  <testcase classname="Selenium_Grid.ParallelTest" name="crossBrowserTest" time="33.802"/>
  <system-out/>
  <testcase classname="Selenium_Grid.ParallelTest" name="crossBrowserTest" time="37.701"/>
  <system-out/>
  <testcase classname="Selenium_Grid.ParallelTest" name="crossBrowserTest" time="33.144"/>
  <system-out/>
</testsuite> <!-- Selenium_Grid.ParallelTest -->
